Visual verification mode: 144 pages...
[PASS] /about-avir.html (diff: 0.0000%)
[PASS] /blog.html (diff: 0.7170%)
[PASS] /brands.html (diff: 0.0000%)
Batch 1: 3/3 passed

[PASS] /careers/assistant-technician.html (diff: 0.0000%)
[PASS] /careers.html (diff: 0.0000%)
[PASS] /careers/integration-technician.html (diff: 0.0000%)
Batch 2: 3/3 passed

[FAIL] /city/banning.html (diff: 42.0002%)
  Visual difference: 42.0002% (threshold: 1%) [Dimensions: 1920x4469 vs 1920x3752, compared 1920x3752]
[FAIL] /city/beaumont.html (diff: 41.9975%)
  Visual difference: 41.9975% (threshold: 1%) [Dimensions: 1920x4469 vs 1920x3752, compared 1920x3752]
[FAIL] /city/bermuda-dunes.html (diff: 41.9889%)
  Visual difference: 41.9889% (threshold: 1%) [Dimensions: 1920x4469 vs 1920x3752, compared 1920x3752]
Batch 3: 0/3 passed

[FAIL] /city/big-bear.html (diff: 41.9999%)
  Visual difference: 41.9999% (threshold: 1%) [Dimensions: 1920x4469 vs 1920x3752, compared 1920x3752]
[FAIL] /city/cathedral-city.html (diff: 41.9923%)
  Visual difference: 41.9923% (threshold: 1%) [Dimensions: 1920x4469 vs 1920x3752, compared 1920x3752]
